[SLURM] Loading conda from: /home/mez653/miniconda3
[SLURM] Python: /home/mez653/miniconda3/envs/ospm/bin/python
Python 3.11.14
Python: /home/mez653/miniconda3/envs/ospm/bin/python
Python 3.11.14
Julia: /apps/julia/1.10.9/bin/julia
Julia threads: 20
Julia project: /work/mez653/Classic-OSPM/Project.toml
PYTHON_JULIACALL_EXE=/apps/julia/1.10.9/bin/julia
PYTHON_JULIACALL_PROJECT=/work/mez653/Classic-OSPM
JULIA_DEPOT_PATH=/scratch/09909/n8lujan99/.julia
JULIA_PYTHONCALL_EXE=/home/mez653/miniconda3/envs/ospm/bin/python
JULIA_CONDAPKG_BACKEND=Null
JULIA_PROJECT=/work/mez653/Classic-OSPM
Launching OSPM...
Galaxy file contents: Draco
cwd: /work/mez653/Classic-OSPM
venv python: /home/mez653/miniconda3/envs/ospm/bin/python
Launching OSPM directly from Data/slurm...
[PY] OSPM_Physics Karl bridge imported from: /work/mez653/Classic-OSPM/OSPM/Physics/OSPM_Physics.py
[CONFIG] CSV_PATH = /work/mez653/Classic-OSPM/Data/Galaxy_Profiles/Draco/default/daemon_deck_karl_draco.csv
[CONFIG] LOCAL_DEBUG = False
[CONFIG] NORBIT = 10000
[CONFIG] MAX_RUNS = 10000
[CONFIG] BATCH_SIZE = 90
[CONFIG] CHUNK_SIZE = 90
[CONFIG] STELLAR_GEOMETRY = axisymmetric_density_grid
[CONFIG] NTHETA_LAUNCH = 9
[CONFIG] WEIGHT_MODE = entropy
[CONFIG] WEIGHT_SOLVER = expanded_cm
[CONFIG] LOSVD_SCORE_MODE = standard
[JLINIT] Including Julia physics file: /work/mez653/Classic-OSPM/OSPM/Physics/OSPM_Physics_Spherical.jl
[JLINIT] Julia physics include OK
Julia threads seen by module: 20
torch imported? False
obs type: <class 'OSPM.Observables.OSPM_Observables_Stellar.OSPMObservablesStellar'>
has R_star_m: True
has v_star_mps: True
has verr_star_mps: True
has surface_brightness_profile: True
has kinematic_bin_edges_pc: True
torch imported after build? False
DECK LOAD DEBUG
path: /work/mez653/Classic-OSPM/Data/Galaxy_Profiles/Draco/default/daemon_deck_karl_draco.csv
params: ['rho_s', 'r_s', 'MBH', 'ML']
columns: ['rho_s', 'r_s', 'MBH', 'ML', 'chi2', 'reward', 'status', 'proposal_id', 'refine_passes', 'chi2_losvd', 'chi2_light', 'chi2_total', 'chi2_inner', 'chi2_outer', 'N_inner', 'N_outer', 'N_nonzero_weights', 'effective_N_orbits', 'max_weight_fraction', 'halo_type', 'weight_mode', 'weight_solver_mode', 'losvd_score_mode', 'alphat', 'halo_q_axis_ratio', 'karl_halo_params_active']
head:
      rho_s          r_s             MBH        ML  chi2     reward                  status  proposal_id  refine_passes  chi2_losvd  chi2_light  chi2_total  chi2_inner  chi2_outer  N_inner  N_outer  N_nonzero_weights  effective_N_orbits  max_weight_fraction halo_type  weight_mode  weight_solver_mode  losvd_score_mode  alphat  halo_q_axis_ratio  karl_halo_params_active
0  1.000000  1800.000000   900000.000000  1.000000   NaN        NaN                    todo          NaN            NaN         NaN         NaN         NaN         NaN         NaN      NaN      NaN                NaN                 NaN                  NaN       NaN          NaN                 NaN               NaN     NaN                NaN                      NaN
1  3.196998  5387.952349   509553.035526  1.484415   inf -1000000.0       numeric_fail_full          1.0            0.0         NaN         NaN         NaN         NaN         NaN      NaN      NaN                NaN                 NaN                  NaN       nfw          NaN                 NaN               NaN     NaN                NaN                      NaN
2  3.196998  5387.952349        0.000000  1.484415   inf -1000000.0  numeric_fail_halo_only          1.0            0.0         NaN         NaN         NaN         NaN         NaN      NaN      NaN                NaN                 NaN                  NaN       nfw          NaN                 NaN               NaN     NaN                NaN                      NaN
3  3.196998  5387.952349  1000000.000000  1.484415   inf -1000000.0      numeric_fail_bh_up          1.0            0.0         NaN         NaN         NaN         NaN         NaN      NaN      NaN                NaN                 NaN                  NaN       nfw          NaN                 NaN               NaN     NaN                NaN                      NaN
4  3.196998  5387.952349   254776.517763  1.484415   inf -1000000.0    numeric_fail_bh_down          1.0            0.0         NaN         NaN         NaN         NaN         NaN      NaN      NaN                NaN                 NaN                  NaN       nfw          NaN                 NaN               NaN     NaN                NaN                      NaN
CONFIG PARAMETER_NAMES: ['rho_s', 'r_s', 'MBH', 'ML']
CONFIG THETA_BOUNDS: [(1e-08, 6.0), (100.0, 10000.0), (0.0, 1000000.0), (0.2, 2.0)]
runner.bounds: [(1e-08, 6.0), (100.0, 10000.0), (0.0, 1000000.0), (0.2, 2.0)]
[Daemon] Karl batch mode ON — Norbit=10000, Nbase_orbit=5000, Nstar_vlos=563, min_stars_per_bin=20, Nvbin=21, Ntheta_launch=9, weight_mode=entropy, weight_solver_mode=expanded_cm, losvd_score_mode=standard, halo_q=1.0, karl_halo_params_active=False
[Daemon] loop iter runs=0
base_props[:3] = [([2.5959162253368184, 5418.639093371649, 7582.875702093927, 0.9475349749914028], 1), ([4.428957616034554, 1615.1627118666624, 798010.1199504668, 0.2997929937537278], 2), ([0.2595537067412486, 7750.597247656092, 228641.19067633405, 0.26421255781842246], 3)]
[Daemon] proposing 810 variants, starting eval...
[JL MATRIX DEBUG] theta_mat: shape=(4, 90), dtype=float64

===== JULIA EXCEPTION =====
type: <class 'juliacall.JuliaError'>
repr: JuliaError(<jl MethodError(PythonCall.Utils._unwrap_unionall, (Vector{Any},), 0x0000000000007ba3)>, <jl Union{Ptr{Nothing}, Base.InterpreterIP}[Ptr{Nothing} @0x00007f228f759006, Ptr{Nothing} @0x00007f228f75f895, Ptr{Nothing} @0x00007f228f761685, Ptr{Nothing} @0x00007f22140d7b9c, Ptr{Nothing} @0x00007f228f76106d, Ptr{Nothing} @0x00007f2279c32ba7, Ptr{Nothing} @0x00007f228f76106d, Ptr{Nothing} @0x00007f228f7c769a, Ptr{Nothing} @0x00007f228f7c9c50, Ptr{Nothing} @0x00007f228f77ffe7, Ptr{Nothing} @0x00007f228f780061, Ptr{Nothing} @0x00007f22140d7c1d, Ptr{Nothing} @0x00007f22140d7cba, Ptr{Nothing} @0x00007f22140d7ce7, Ptr{Nothing} @0x00007f228f76106d, Ptr{Nothing} @0x00007f22140d6642, Ptr{Nothing} @0x00007f22140d6771, Ptr{Nothing} @0x00007f22140d78b1, Ptr{Nothing} @0x00007f228f76106d, Ptr{Nothing} @0x00007f22792a5247, Ptr{Nothing} @0x00007f22792a5abe, Ptr{Nothing} @0x00007f22792acbb2, Ptr{Nothing} @0x000000000052867f, Ptr{Nothing} @0x000000000050400b, Ptr{Nothing} @0x0000000000511615, Ptr{Nothing} @0x0000000000538d02, Ptr{Nothing} @0x0000000000508947, Ptr{Nothing} @0x000000000054083f, Ptr{Nothing} @0x0000000000611ca6, Ptr{Nothing} @0x0000000000542d3c, Ptr{Nothing} @0x00000000005157ba, Ptr{Nothing} @0x00000000005cc389, Ptr{Nothing} @0x00000000005cba5e, Ptr{Nothing} @0x00000000005e5062, Ptr{Nothing} @0x000000000051e706, Ptr{Nothing} @0x000000000051e5f0, Ptr{Nothing} @0x0000000000511615, Ptr{Nothing} @0x0000000000538d02, Ptr{Nothing} @0x00000000005f761e, Ptr{Nothing} @0x00000000005f6f69, Ptr{Nothing} @0x00000000005bbf48, Ptr{Nothing} @0x00007f22a0b9d864, Ptr{Nothing} @0x00000000005bbd96]>)
str(): failed
julia exception: <jl MethodError(PythonCall.Utils._unwrap_unionall, (Vector{Any},), 0x0000000000007ba3)>
[Daemon] Python traceback for failed chunk:
