  Installing known registries into `/scratch/09909/n8lujan99/.julia`
     Cloning registry from "https://github.com/JuliaRegistries/General.git"
       Added registry `General` to `/scratch/09909/n8lujan99/.julia/registries/General`
   Installed MicroMamba ────────────────── v0.1.15
   Installed Adapt ─────────────────────── v4.6.0
   Installed TableTraits ───────────────── v1.0.1
   Installed Scratch ───────────────────── v1.3.0
   Installed Preferences ───────────────── v1.5.2
   Installed FiniteDiff ────────────────── v2.31.0
   Installed JSON ──────────────────────── v1.6.1
   Installed PythonCall ────────────────── v0.9.34
   Installed Tables ────────────────────── v1.12.1
   Installed Parsers ───────────────────── v2.8.4
   Installed ADTypes ───────────────────── v1.22.0
   Installed Setfield ──────────────────── v1.1.2
   Installed Optim ─────────────────────── v2.1.0
   Installed PositiveFactorizations ────── v0.2.4
   Installed StaticArrays ──────────────── v1.9.18
   Installed JLLWrappers ───────────────── v1.8.0
   Installed Pidfile ───────────────────── v1.3.0
   Installed micromamba_jll ────────────── v2.3.1+0
   Installed PrecompileTools ───────────── v1.2.1
   Installed StaticArraysCore ──────────── v1.4.4
   Installed NaNMath ───────────────────── v1.1.3
   Installed ConstructionBase ──────────── v1.6.0
   Installed DataValueInterfaces ───────── v1.0.0
   Installed DataAPI ───────────────────── v1.16.0
   Installed IteratorInterfaceExtensions ─ v1.0.0
   Installed OrderedCollections ────────── v1.8.2
   Installed EnumX ─────────────────────── v1.0.7
   Installed NLSolversBase ─────────────── v8.0.0
   Installed ArrayInterface ────────────── v7.25.0
   Installed FillArrays ────────────────── v1.16.0
   Installed UnsafePointers ────────────── v1.0.0
   Installed MacroTools ────────────────── v0.5.16
   Installed LineSearches ──────────────── v7.7.1
   Installed CondaPkg ──────────────────── v0.2.36
   Installed DifferentiationInterface ──── v0.7.18
   Installed pixi_jll ──────────────────── v0.63.2+0
   Installed StructUtils ───────────────── v2.8.2
Precompiling packages...
   1226.7 ms  ✓ EnumX
   1194.6 ms  ✓ LazyArtifacts
   1230.2 ms  ✓ UnsafePointers
   1235.8 ms  ✓ DataValueInterfaces
   1223.8 ms  ✓ IteratorInterfaceExtensions
   1226.1 ms  ✓ Adapt
   1315.0 ms  ✓ DataAPI
   1328.9 ms  ✓ OpenLibm_jll
   1328.3 ms  ✓ SuiteSparse_jll
   1399.0 ms  ✓ ConstructionBase
   1436.3 ms  ✓ PositiveFactorizations
   1764.1 ms  ✓ OrderedCollections
   1640.8 ms  ✓ StructUtils
    665.6 ms  ✓ Scratch
    760.8 ms  ✓ TableTraits
    768.5 ms  ✓ StaticArraysCore
    851.9 ms  ✓ ConstructionBase → ConstructionBaseLinearAlgebraExt
   1006.8 ms  ✓ ArrayInterface
   1008.6 ms  ✓ Preferences
   2392.8 ms  ✓ FillArrays
   1061.3 ms  ✓ NaNMath
   1217.6 ms  ✓ ADTypes
    595.9 ms  ✓ StructUtils → StructUtilsStaticArraysCoreExt
    580.6 ms  ✓ PrecompileTools
    654.4 ms  ✓ JLLWrappers
    735.3 ms  ✓ ArrayInterface → ArrayInterfaceStaticArraysCoreExt
    624.8 ms  ✓ ADTypes → ADTypesConstructionBaseExt
   1143.3 ms  ✓ Tables
    770.6 ms  ✓ micromamba_jll
    776.7 ms  ✓ pixi_jll
    691.3 ms  ✓ StructUtils → StructUtilsTablesExt
   3861.7 ms  ✓ MacroTools
   1539.6 ms  ✓ DifferentiationInterface
   4785.2 ms  ✓ Test
   1293.3 ms  ✓ Setfield
    392.0 ms  ✓ Pidfile
    555.7 ms  ✓ FiniteDiff
   2115.5 ms  ✓ MicroMamba
    421.8 ms  ✓ DifferentiationInterface → DifferentiationInterfaceFiniteDiffExt
   5111.4 ms  ✓ SparseArrays
    795.0 ms  ✓ NLSolversBase
    537.9 ms  ✓ Adapt → AdaptSparseArraysExt
    732.6 ms  ✓ FillArrays → FillArraysSparseArraysExt
    766.0 ms  ✓ DifferentiationInterface → DifferentiationInterfaceSparseArraysExt
    887.4 ms  ✓ Statistics
    680.9 ms  ✓ LineSearches
    686.2 ms  ✓ ArrayInterface → ArrayInterfaceSparseArraysExt
    622.2 ms  ✓ FillArrays → FillArraysStatisticsExt
    483.4 ms  ✓ FiniteDiff → FiniteDiffSparseArraysExt
   2038.1 ms  ✓ Optim
   7462.4 ms  ✓ StaticArrays
    542.1 ms  ✓ ConstructionBase → ConstructionBaseStaticArraysExt
    574.5 ms  ✓ FillArrays → FillArraysStaticArraysExt
    749.6 ms  ✓ Adapt → AdaptStaticArraysExt
    755.1 ms  ✓ DifferentiationInterface → DifferentiationInterfaceStaticArraysExt
    959.1 ms  ✓ StaticArrays → StaticArraysStatisticsExt
    703.9 ms  ✓ FiniteDiff → FiniteDiffStaticArraysExt
  10303.8 ms  ✓ Parsers
   2747.5 ms  ✓ JSON
   3427.2 ms  ✓ CondaPkg
   9082.5 ms  ✓ PythonCall
  61 dependencies successfully precompiled in 30 seconds
  2 dependencies had output during precompilation:
┌ MicroMamba
│  Downloading artifact: micromamba
└  
┌ CondaPkg
│  Downloading artifact: pixi
└  
