===== SLURM ENVIRONMENT =====
Galaxy: Draco
Job ID: 753333
Node: c122
CPUs allocated: 80
Start time: Tue Jun  9 14:11:34 CDT 2026
=============================
[SLURM] Loading conda from: /home/mez653/miniconda3
[SLURM] Python: /home/mez653/miniconda3/envs/ospm/bin/python
Python 3.11.14
Python: /home/mez653/miniconda3/envs/ospm/bin/python
Python 3.11.14
Julia: /apps/julia/1.10.9/bin/julia
Julia threads: 80
Julia project: /work/mez653/Classic-OSPM/Project.toml
PYTHON_JULIACALL_EXE=/apps/julia/1.10.9/bin/julia
JULIA_PROJECT=/work/mez653/Classic-OSPM
Launching OSPM...
Galaxy file contents: Draco
cwd: /work/mez653/Classic-OSPM
venv python: /home/mez653/miniconda3/envs/ospm/bin/python
[DEBUG] Running start from: /work/mez653/Classic-OSPM/utils/start
[START] Repo root: /work/mez653/Classic-OSPM
[START] Galaxy: Draco
[START] Julia executable: /apps/julia/1.10.9/bin/julia
[START] Python executable: /home/mez653/miniconda3/envs/ospm/bin/python
Python 3.11.14
